0 info it worked if it ends with ok
1 verbose cli [ '/Users/ryan/.nvm/versions/node/v5.0.0/bin/node',
1 verbose cli   '/Users/ryan/.nvm/versions/node/v5.0.0/bin/npm',
1 verbose cli   'publish' ]
2 info using npm@3.3.6
3 info using node@v5.0.0
4 verbose publish [ '.' ]
5 silly cache add args [ '.', null ]
6 verbose cache add spec .
7 silly cache add parsed spec Result {
7 silly cache add   raw: '.',
7 silly cache add   scope: null,
7 silly cache add   name: null,
7 silly cache add   rawSpec: '.',
7 silly cache add   spec: '/Users/ryan/Projects/ethereum-go-ipc',
7 silly cache add   type: 'directory' }
8 verbose addLocalDirectory /Users/ryan/.npm/ethereum-go-ipc/0.0.5/package.tgz not in flight; packing
9 info lifecycle ethereum-go-ipc@0.0.5~prepublish: ethereum-go-ipc@0.0.5
10 silly lifecycle ethereum-go-ipc@0.0.5~prepublish: no script for prepublish, continuing
11 verbose tar pack [ '/Users/ryan/.npm/ethereum-go-ipc/0.0.5/package.tgz',
11 verbose tar pack   '/Users/ryan/Projects/ethereum-go-ipc' ]
12 verbose tarball /Users/ryan/.npm/ethereum-go-ipc/0.0.5/package.tgz
13 verbose folder /Users/ryan/Projects/ethereum-go-ipc
14 verbose addLocalTarball adding from inside cache /Users/ryan/.npm/ethereum-go-ipc/0.0.5/package.tgz
15 silly cache afterAdd ethereum-go-ipc@0.0.5
16 verbose afterAdd /Users/ryan/.npm/ethereum-go-ipc/0.0.5/package/package.json not in flight; writing
17 verbose afterAdd /Users/ryan/.npm/ethereum-go-ipc/0.0.5/package/package.json written
18 silly publish { name: 'ethereum-go-ipc',
18 silly publish   version: '0.0.5',
18 silly publish   description: 'Promisified Ethereum JSON RPC wrappers for Geth (Ethereum Go-Lang implementation)',
18 silly publish   repository:
18 silly publish    { type: 'git',
18 silly publish      url: 'git+https://github.com/Ryanmtate/ethereum-go-ipc.git' },
18 silly publish   main: 'index.js',
18 silly publish   scripts: { test: 'node test.js' },
18 silly publish   keywords: [ 'Ethereum', 'Geth', 'IPC', 'Promises' ],
18 silly publish   author: { name: 'Ryan Michael Tate' },
18 silly publish   license: 'MIT',
18 silly publish   dependencies: { bluebird: '^3.3.5', web3: '^0.15.3' },
18 silly publish   readme: '# ethereum-go-ipc\nPromisified Ethereum JSON RPC wrappers for Geth (Ethereum Go-Lang implementation)\n\n\n\n## Start Here\n\n```npm install ethereum-go-ipc --save```\n\n\n```js\nconst geth = require("ethereum-go-ipc");\n\n// default IPC path set to \'/root/.ethereum/geth.ipc\'\ngeth.setGethSocket("/path/to/geth.ipc");\n\n// optional geth.delay(ms) for managing race conditions.\n// Simply put, allow geth node time to load.\n\ngeth.delay(3000).then(() => {\n  return geth.newAccount(\'password\');\n}).then((created) => {\n  return geth.listAccounts();\n}).then((accounts) => {\n  console.log(accounts);\n}).catch((error) => {\n  console.log(error);\n});\n\n```\n\n### Notes\n\nFor a list of implemented methods, see exports:\n- [exports](https://github.com/Ryanmtate/ethereum-go-ipc/blob/master/lib/gethIPC.js)\n',
18 silly publish   readmeFilename: 'README.md',
18 silly publish   gitHead: '5c84f67e587974bc81e34b782c7cbeaa757efe8d',
18 silly publish   bugs: { url: 'https://github.com/Ryanmtate/ethereum-go-ipc/issues' },
18 silly publish   homepage: 'https://github.com/Ryanmtate/ethereum-go-ipc#readme',
18 silly publish   _id: 'ethereum-go-ipc@0.0.5',
18 silly publish   _shasum: '2688e25479d0102dbd3a6841132b65bb3bd2afbe',
18 silly publish   _from: '.' }
19 verbose getPublishConfig undefined
20 silly mapToRegistry name ethereum-go-ipc
21 silly mapToRegistry using default registry
22 silly mapToRegistry registry https://registry.npmjs.org/
23 silly mapToRegistry uri https://registry.npmjs.org/ethereum-go-ipc
24 verbose publish registryBase https://registry.npmjs.org/
25 silly publish uploading /Users/ryan/.npm/ethereum-go-ipc/0.0.5/package.tgz
26 verbose request uri https://registry.npmjs.org/ethereum-go-ipc
27 verbose request sending authorization for write operation
28 info attempt registry request try #1 at 4:20:14 PM
29 verbose request using bearer token for auth
30 verbose request id fc8bb4a8aa0ac0bb
31 http request PUT https://registry.npmjs.org/ethereum-go-ipc
32 http 403 https://registry.npmjs.org/ethereum-go-ipc
33 verbose headers { 'content-type': 'application/json',
33 verbose headers   'cache-control': 'max-age=300',
33 verbose headers   'content-length': '95',
33 verbose headers   'accept-ranges': 'bytes',
33 verbose headers   date: 'Fri, 22 Apr 2016 23:20:14 GMT',
33 verbose headers   via: '1.1 varnish',
33 verbose headers   connection: 'keep-alive',
33 verbose headers   'x-served-by': 'cache-lax1421-LAX',
33 verbose headers   'x-cache': 'MISS',
33 verbose headers   'x-cache-hits': '0',
33 verbose headers   'x-timer': 'S1461367214.732817,VS0,VE188',
33 verbose headers   vary: 'Accept-Encoding' }
34 verbose request invalidating /Users/ryan/.npm/registry.npmjs.org/ethereum-go-ipc on PUT
35 error publish Failed PUT 403
36 verbose stack Error: "You cannot publish over the previously published version 0.0.5." : ethereum-go-ipc
36 verbose stack     at makeError (/Users/ryan/.nvm/versions/node/v5.0.0/lib/node_modules/npm/node_modules/npm-registry-client/lib/request.js:264:12)
36 verbose stack     at CachingRegistryClient.<anonymous> (/Users/ryan/.nvm/versions/node/v5.0.0/lib/node_modules/npm/node_modules/npm-registry-client/lib/request.js:252:14)
36 verbose stack     at Request._callback (/Users/ryan/.nvm/versions/node/v5.0.0/lib/node_modules/npm/node_modules/npm-registry-client/lib/request.js:172:14)
36 verbose stack     at Request.self.callback (/Users/ryan/.nvm/versions/node/v5.0.0/lib/node_modules/npm/node_modules/request/request.js:198:22)
36 verbose stack     at emitTwo (events.js:87:13)
36 verbose stack     at Request.emit (events.js:172:7)
36 verbose stack     at Request.<anonymous> (/Users/ryan/.nvm/versions/node/v5.0.0/lib/node_modules/npm/node_modules/request/request.js:1063:14)
36 verbose stack     at emitOne (events.js:82:20)
36 verbose stack     at Request.emit (events.js:169:7)
36 verbose stack     at IncomingMessage.<anonymous> (/Users/ryan/.nvm/versions/node/v5.0.0/lib/node_modules/npm/node_modules/request/request.js:1009:12)
37 verbose statusCode 403
38 verbose pkgid ethereum-go-ipc
39 verbose cwd /Users/ryan/Projects/ethereum-go-ipc
40 error Darwin 14.5.0
41 error argv "/Users/ryan/.nvm/versions/node/v5.0.0/bin/node" "/Users/ryan/.nvm/versions/node/v5.0.0/bin/npm" "publish"
42 error node v5.0.0
43 error npm  v3.3.6
44 error code E403
45 error "You cannot publish over the previously published version 0.0.5." : ethereum-go-ipc
46 error If you need help, you may report this error at:
46 error     <https://github.com/npm/npm/issues>
47 verbose exit [ 1, true ]
